<?xml version="1.0" encoding="UTF-8"?>
<testng-results ignored="0" total="0" passed="0" failed="0" skipped="0">
  <reporter-output>
  </reporter-output>
  <suite started-at="2025-06-30T16:54:59 COT" name="Surefire suite" finished-at="2025-06-30T16:54:59 COT" duration-ms="34">
    <groups>
    </groups>
    <test started-at="2025-06-30T16:54:59 COT" name="Surefire test" finished-at="2025-06-30T16:54:59 COT" duration-ms="34">
    </test> <!-- Surefire test -->
  </suite> <!-- Surefire suite -->
</testng-results>
